<?xml version="1.0" encoding="UTF-8" ?>
<testsuite skipped="0" tests="2" failures="0" errors="0" name="com.javaid.bolaky.domain.userregistration.entity.UserRegistrationRepositotyIntegrationTest" time="5.31">
  <properties>
[...]
</properties>
  <testcase classname="com.javaid.bolaky.domain.userregistration.entity.UserRegistrationRepositotyIntegrationTest" name="testIfAuthenticationCredentialsNotFoundExceptionIsThrownWhenUsernameNotProvided" time="4.724"/>
  <testcase classname="com.javaid.bolaky.domain.userregistration.entity.UserRegistrationRepositotyIntegrationTest" name="testSave" time="0.194"/>
</testsuite>